<?xml version="1.0" encoding="UTF-8"?>
<!-- Generated by org.testng.reporters.JUnitXMLReporter -->
<testsuite ignored="0" hostname="DESKTOP-4DEEQQQ" failures="1" tests="18" name="Test" time="138.497" errors="0" timestamp="2022-04-28T15:30:32 IST">
  <testcase classname="com.TestLayer.PIMPageTest" name="loginFunctionality" time="8.182"/>
  <testcase classname="com.TestLayer.PIMPageTest" name="validateHomePageTitle" time="0.205"/>
  <testcase classname="com.TestLayer.PIMPageTest" name="validateHomePageUrl" time="0.034"/>
  <testcase classname="com.TestLayer.PIMPageTest" name="validateHomePagelogo" time="0.666"/>
  <testcase classname="com.TestLayer.PIMPageTest" name="validateHomePagePIMPage" time="3.675"/>
  <testcase classname="com.TestLayer.PIMPageTest" name="validateCreateNewUserFunctionality" time="5.217"/>
  <testcase classname="com.TestLayer.PIMPageTest" name="validateMorePersonalInformation" time="6.259"/>
  <testcase classname="com.TestLayer.PIMPageTest" name="validateJobDetailFunctionality" time="18.378">
    <failure type="org.openqa.selenium.StaleElementReferenceException" message="stale element reference: element is not attached to the page document
  (Session info: chrome=100.0.4896.127)
For documentation on this error, please visit: https://selenium.dev/exceptions/#stale_element_reference
Build info: version: &amp;apos;4.1.3&amp;apos;, revision: &amp;apos;7b1ebf28ef&amp;apos;
System info: host: &amp;apos;DESKTOP-4DEEQQQ&amp;apos;, ip: &amp;apos;192.168.219.91&amp;apos;, os.name: &amp;apos;Windows 10&amp;apos;, os.arch: &amp;apos;amd64&amp;apos;, os.version: &amp;apos;10.0&amp;apos;, java.version: &amp;apos;17.0.2&amp;apos;
Driver info: org.openqa.selenium.chrome.ChromeDriver
Command: [96f082f546102194abce094dcc4c46ed, findChildElements {id=24993414-8d54-4b0f-9eb8-479b1a4466b8, using=xpath, value=.//option[normalize-space(.) = &amp;quot;New York Sales Office&amp;quot;]}]
Capabilities {acceptInsecureCerts: false, browserName: chrome, browserVersion: 100.0.4896.127, chrome: {chromedriverVersion: 100.0.4896.60 (6a5d10861ce8..., userDataDir: C:\Users\Lenovo\AppData\Loc...}, goog:chromeOptions: {debuggerAddress: localhost:65316}, javascriptEnabled: true, networkConnectionEnabled: false, pageLoadStrategy: normal, platform: WINDOWS, platformName: WINDOWS, proxy: Proxy(), se:cdp: ws://localhost:65316/devtoo..., se:cdpVersion: 100.0.4896.127, setWindowRect: true, strictFileInteractability: false, timeouts: {implicit: 0, pageLoad: 300000, script: 30000}, unhandledPromptBehavior: dismiss and notify, webauthn:extension:credBlob: true, webauthn:extension:largeBlob: true, webauthn:virtualAuthenticators: true}
Session ID: 96f082f546102194abce094dcc4c46ed">
      <![CDATA[org.openqa.selenium.StaleElementReferenceException: stale element reference: element is not attached to the page document
  (Session info: chrome=100.0.4896.127)
For documentation on this error, please visit: https://selenium.dev/exceptions/#stale_element_reference
Build info: version: '4.1.3', revision: '7b1ebf28ef'
System info: host: 'DESKTOP-4DEEQQQ', ip: '192.168.219.91', os.name: 'Windows 10', os.arch: 'amd64', os.version: '10.0', java.version: '17.0.2'
Driver info: org.openqa.selenium.chrome.ChromeDriver
Command: [96f082f546102194abce094dcc4c46ed, findChildElements {id=24993414-8d54-4b0f-9eb8-479b1a4466b8, using=xpath, value=.//option[normalize-space(.) = "New York Sales Office"]}]
Capabilities {acceptInsecureCerts: false, browserName: chrome, browserVersion: 100.0.4896.127, chrome: {chromedriverVersion: 100.0.4896.60 (6a5d10861ce8..., userDataDir: C:\Users\Lenovo\AppData\Loc...}, goog:chromeOptions: {debuggerAddress: localhost:65316}, javascriptEnabled: true, networkConnectionEnabled: false, pageLoadStrategy: normal, platform: WINDOWS, platformName: WINDOWS, proxy: Proxy(), se:cdp: ws://localhost:65316/devtoo..., se:cdpVersion: 100.0.4896.127, setWindowRect: true, strictFileInteractability: false, timeouts: {implicit: 0, pageLoad: 300000, script: 30000}, unhandledPromptBehavior: dismiss and notify, webauthn:extension:credBlob: true, webauthn:extension:largeBlob: true, webauthn:virtualAuthenticators: true}
Session ID: 96f082f546102194abce094dcc4c46ed
at org.openqa.selenium.remote.codec.w3c.W3CHttpResponseCodec.createException(W3CHttpResponseCodec.java:200)
at org.openqa.selenium.remote.codec.w3c.W3CHttpResponseCodec.decode(W3CHttpResponseCodec.java:133)
at org.openqa.selenium.remote.codec.w3c.W3CHttpResponseCodec.decode(W3CHttpResponseCodec.java:53)
at org.openqa.selenium.remote.HttpCommandExecutor.execute(HttpCommandExecutor.java:184)
at org.openqa.selenium.remote.service.DriverCommandExecutor.invokeExecute(DriverCommandExecutor.java:167)
at org.openqa.selenium.remote.service.DriverCommandExecutor.execute(DriverCommandExecutor.java:142)
at org.openqa.selenium.remote.RemoteWebDriver.execute(RemoteWebDriver.java:567)
at org.openqa.selenium.remote.ElementLocation$ElementFinder$2.findElements(ElementLocation.java:179)
at org.openqa.selenium.remote.ElementLocation.findElements(ElementLocation.java:102)
at org.openqa.selenium.remote.RemoteWebDriver.findElements(RemoteWebDriver.java:400)
at org.openqa.selenium.remote.RemoteWebElement.findElements(RemoteWebElement.java:213)
at org.openqa.selenium.support.pagefactory.internal.LocatingElementHandler.invoke(LocatingElementHandler.java:52)
at jdk.proxy2/jdk.proxy2.$Proxy17.findElements(Unknown Source)
at org.openqa.selenium.support.ui.Select.selectByVisibleText(Select.java:114)
at com.UtilsLayer.SelectMethods.selectValueByVisibleText(SelectMethods.java:13)
at com.PageLayer.PIMPage.addMoreJobDetails(PIMPage.java:171)
at com.TestLayer.PIMPageTest.validateJobDetailFunctionality(PIMPageTest.java:63)
at java.base/java.util.ArrayList.forEach(ArrayList.java:1511)
... Removed 36 stack frames]]>
    </failure>
  </testcase> <!-- validateJobDetailFunctionality -->
  <testcase classname="com.TestLayer.PIMPageTest" name="validateUserandDelete" time="6.035"/>
  <testcase classname="com.TestLayer.HomePageTest" name="validateLogin" time="8.467"/>
  <testcase classname="com.TestLayer.HomePageTest" name="validateTitle" time="0.057"/>
  <testcase classname="com.TestLayer.HomePageTest" name="validateUrl" time="0.031"/>
  <testcase classname="com.TestLayer.HomePageTest" name="validateLogo" time="0.11"/>
  <testcase classname="com.TestLayer.HomePageTest" name="validateAdminPage" time="3.703"/>
  <testcase classname="com.TestLayer.HomePageTest" name="validatePimPage" time="2.378"/>
  <testcase classname="com.TestLayer.HomePageTest" name="validateleavePage" time="3.378"/>
  <testcase classname="com.TestLayer.HomePageTest" name="validateMyInfoPage" time="5.063"/>
  <testcase classname="com.TestLayer.LoginPageTest" name="validateLoginFunctionality" time="6.242"/>
</testsuite> <!-- Test -->
