<?xml version="1.0" encoding="UTF-8"?>
<!-- Generated by org.testng.reporters.JUnitReportReporter -->
<testsuite hostname="DESKTOP-4DEEQQQ" failures="0" tests="16" name="TestLayerPackage.LoginPageTest" time="0.194" errors="1" timestamp="2022-06-21T17:42:41 IST" skipped="15">
  <testcase classname="TestLayerPackage.LoginPageTest" name="setup" time="0.188">
    <error message="The driver executable must exist: C:\Users\Lenovo\Downloads\chromedriver_win32 (1)\chromedriver.exe" type="java.lang.IllegalStateException">
      <![CDATA[java.lang.IllegalStateException: The driver executable must exist: C:\Users\Lenovo\Downloads\chromedriver_win32 (1)\chromedriver.exe
at org.openqa.selenium.internal.Require$FileStateChecker.isFile(Require.java:342)
at org.openqa.selenium.remote.service.DriverService.checkExecutable(DriverService.java:147)
at org.openqa.selenium.remote.service.DriverService.findExecutable(DriverService.java:142)
at org.openqa.selenium.chrome.ChromeDriverService.access$000(ChromeDriverService.java:38)
at org.openqa.selenium.chrome.ChromeDriverService$Builder.findDefaultExecutable(ChromeDriverService.java:231)
at org.openqa.selenium.remote.service.DriverService$Builder.build(DriverService.java:437)
at org.openqa.selenium.chrome.ChromeDriverService.createDefaultService(ChromeDriverService.java:127)
at org.openqa.selenium.chrome.ChromeDriver.<init>(ChromeDriver.java:48)
at BaseLayerPackage.BaseClass.initialization(BaseClass.java:16)
at TestLayerPackage.LoginPageTest.setup(LoginPageTest.java:17)
at java.base/jdk.internal.reflect.NativeMethodAccessorImpl.invoke0(Native Method)
at java.base/jdk.internal.reflect.NativeMethodAccessorImpl.invoke(NativeMethodAccessorImpl.java:77)
at java.base/jdk.internal.reflect.DelegatingMethodAccessorImpl.invoke(DelegatingMethodAccessorImpl.java:43)
at java.base/java.lang.reflect.Method.invoke(Method.java:568)
at org.testng.internal.invokers.MethodInvocationHelper.invokeMethod(MethodInvocationHelper.java:135)
at org.testng.internal.invokers.MethodInvocationHelper.invokeMethodConsideringTimeout(MethodInvocationHelper.java:65)
at org.testng.internal.invokers.ConfigInvoker.invokeConfigurationMethod(ConfigInvoker.java:381)
at org.testng.internal.invokers.ConfigInvoker.invokeConfigurations(ConfigInvoker.java:319)
at org.testng.internal.invokers.TestMethodWorker.invokeBeforeClassMethods(TestMethodWorker.java:178)
at org.testng.internal.invokers.TestMethodWorker.run(TestMethodWorker.java:122)
at java.base/java.util.ArrayList.forEach(ArrayList.java:1511)
at org.testng.TestRunner.privateRun(TestRunner.java:808)
at org.testng.TestRunner.run(TestRunner.java:603)
at org.testng.SuiteRunner.runTest(SuiteRunner.java:429)
at org.testng.SuiteRunner.runSequentially(SuiteRunner.java:423)
at org.testng.SuiteRunner.privateRun(SuiteRunner.java:383)
at org.testng.SuiteRunner.run(SuiteRunner.java:326)
at org.testng.SuiteRunnerWorker.runSuite(SuiteRunnerWorker.java:52)
at org.testng.SuiteRunnerWorker.run(SuiteRunnerWorker.java:95)
at org.testng.TestNG.runSuitesSequentially(TestNG.java:1249)
at org.testng.TestNG.runSuitesLocally(TestNG.java:1169)
at org.testng.TestNG.runSuites(TestNG.java:1092)
at org.testng.TestNG.run(TestNG.java:1060)
at org.testng.remote.AbstractRemoteTestNG.run(AbstractRemoteTestNG.java:115)
at org.testng.remote.RemoteTestNG.initAndRun(RemoteTestNG.java:251)
at org.testng.remote.RemoteTestNG.main(RemoteTestNG.java:77)
]]>
    </error>
  </testcase> <!-- setup -->
  <system-out/>
  <testcase classname="TestLayerPackage.LoginPageTest" name="ValidateLoginPageLogoDisplayedStatus" time="0.000">
    <skipped/>
  </testcase> <!-- ValidateLoginPageLogoDisplayedStatus -->
  <system-out/>
  <testcase classname="TestLayerPackage.LoginPageTest" name="validateLoginPageTitle" time="0.001">
    <skipped/>
  </testcase> <!-- validateLoginPageTitle -->
  <system-out/>
  <testcase classname="TestLayerPackage.LoginPageTest" name="validateLoginPageUrl" time="0.001">
    <skipped/>
  </testcase> <!-- validateLoginPageUrl -->
  <system-out/>
  <testcase classname="TestLayerPackage.LoginPageTest" name="validateUsernameDislayedStatus" time="0.000">
    <skipped/>
  </testcase> <!-- validateUsernameDislayedStatus -->
  <system-out/>
  <testcase classname="TestLayerPackage.LoginPageTest" name="validateUsernameEnabledStatus" time="0.000">
    <skipped/>
  </testcase> <!-- validateUsernameEnabledStatus -->
  <system-out/>
  <testcase classname="TestLayerPackage.LoginPageTest" name="validateCleaevalue" time="0.001">
    <skipped/>
  </testcase> <!-- validateCleaevalue -->
  <system-out/>
  <testcase classname="TestLayerPackage.LoginPageTest" name="validateEnterUsernameValue" time="0.001">
    <skipped/>
  </testcase> <!-- validateEnterUsernameValue -->
  <system-out/>
  <testcase classname="TestLayerPackage.LoginPageTest" name="validatePassworddisplayedStatus" time="0.000">
    <skipped/>
  </testcase> <!-- validatePassworddisplayedStatus -->
  <system-out/>
  <testcase classname="TestLayerPackage.LoginPageTest" name="validatePasswordEnabledstatus" time="0.000">
    <skipped/>
  </testcase> <!-- validatePasswordEnabledstatus -->
  <system-out/>
  <testcase classname="TestLayerPackage.LoginPageTest" name="validateclearOldPasswordText" time="0.000">
    <skipped/>
  </testcase> <!-- validateclearOldPasswordText -->
  <system-out/>
  <testcase classname="TestLayerPackage.LoginPageTest" name="validateEnterPasswordValue" time="0.001">
    <skipped/>
  </testcase> <!-- validateEnterPasswordValue -->
  <system-out/>
  <testcase classname="TestLayerPackage.LoginPageTest" name="validateLoginDisplayedStatus" time="0.000">
    <skipped/>
  </testcase> <!-- validateLoginDisplayedStatus -->
  <system-out/>
  <testcase classname="TestLayerPackage.LoginPageTest" name="validateLoginEnabledstatus" time="0.001">
    <skipped/>
  </testcase> <!-- validateLoginEnabledstatus -->
  <system-out/>
  <testcase classname="TestLayerPackage.LoginPageTest" name="validatecaptureLoginButtonValue" time="0.000">
    <skipped/>
  </testcase> <!-- validatecaptureLoginButtonValue -->
  <system-out/>
  <testcase classname="TestLayerPackage.LoginPageTest" name="validateClickLoginButton" time="0.000">
    <skipped/>
  </testcase> <!-- validateClickLoginButton -->
  <system-out/>
</testsuite> <!-- TestLayerPackage.LoginPageTest -->
